2023-04-02 21:21:33.037318 - Initialized conversion of CBT072
2023-04-02 21:21:33.688456 - Received CBT.V504.FILE072.PDS from FILE072.XMI 
2023-04-02 21:21:33.691214 - Found $$$#DATE.txt (text/plain) in CBT.V504.FILE072.PDS, moved to PDS/$$$#DATE
2023-04-02 21:21:33.692527 - Found @FILE072.txt (text/plain) in CBT.V504.FILE072.PDS, moved to PDS/@FILE072
2023-04-02 21:21:33.693779 - Found ISR@PRIM.txt (text/plain) in CBT.V504.FILE072.PDS, moved to PDS/ISR@PRIM
2023-04-02 21:21:33.694936 - Found PEIRFLDS.txt (text/plain) in CBT.V504.FILE072.PDS, moved to PDS/PEIRFLDS
2023-04-02 21:21:33.695997 - Found PXPBROBF.txt (text/plain) in CBT.V504.FILE072.PDS, moved to PDS/PXPBROBF
2023-04-02 21:21:33.696009 - Found PXPCMDS.bin containing application/octet-stream, moved to PDS/PXPCMDS
2023-04-02 21:21:33.698180 - Found PXPCMDSX.txt (text/plain) in CBT.V504.FILE072.PDS, moved to PDS/PXPCMDSX
2023-04-02 21:21:33.699146 - Found PXPEDDE.txt (text/plain) in CBT.V504.FILE072.PDS, moved to PDS/PXPEDDE
2023-04-02 21:21:33.700222 - Found PXPIMACB.txt (text/plain) in CBT.V504.FILE072.PDS, moved to PDS/PXPIMACB
2023-04-02 21:21:33.701244 - Found PXPIMACE.txt (text/plain) in CBT.V504.FILE072.PDS, moved to PDS/PXPIMACE
2023-04-02 21:21:33.702255 - Found PXPIRFLD.txt (text/plain) in CBT.V504.FILE072.PDS, moved to PDS/PXPIRFLD
2023-04-02 21:21:33.703333 - Found PXPLOGO.txt (text/plain) in CBT.V504.FILE072.PDS, moved to PDS/PXPLOGO
2023-04-02 21:21:33.704311 - Found PXPVOLD.txt (text/plain) in CBT.V504.FILE072.PDS, moved to PDS/PXPVOLD
2023-04-02 21:21:33.705248 - Found PXPVOLR.txt (text/plain) in CBT.V504.FILE072.PDS, moved to PDS/PXPVOLR
2023-04-02 21:21:33.706169 - Found PXP00.txt (text/plain) in CBT.V504.FILE072.PDS, moved to PDS/PXP00
2023-04-02 21:21:33.707094 - Found PXP000@.txt (text/plain) in CBT.V504.FILE072.PDS, moved to PDS/PXP000@
2023-04-02 21:21:33.708441 - Found PXP000A.txt (text/plain) in CBT.V504.FILE072.PDS, moved to PDS/PXP000A
2023-04-02 21:21:33.709444 - Found PXP000B1.txt (text/plain) in CBT.V504.FILE072.PDS, moved to PDS/PXP000B1
2023-04-02 21:21:33.710387 - Found PXP000B2.txt (text/plain) in CBT.V504.FILE072.PDS, moved to PDS/PXP000B2
2023-04-02 21:21:33.711381 - Found PXP000B3.txt (text/plain) in CBT.V504.FILE072.PDS, moved to PDS/PXP000B3
2023-04-02 21:21:33.712371 - Found PXP000B4.txt (text/plain) in CBT.V504.FILE072.PDS, moved to PDS/PXP000B4
2023-04-02 21:21:33.713358 - Found PXP000B5.txt (text/plain) in CBT.V504.FILE072.PDS, moved to PDS/PXP000B5
2023-04-02 21:21:33.714263 - Found PXP000B6.txt (text/plain) in CBT.V504.FILE072.PDS, moved to PDS/PXP000B6
2023-04-02 21:21:33.715190 - Found PXP000B7.txt (text/plain) in CBT.V504.FILE072.PDS, moved to PDS/PXP000B7
2023-04-02 21:21:33.716103 - Found PXP000B8.txt (text/plain) in CBT.V504.FILE072.PDS, moved to PDS/PXP000B8
2023-04-02 21:21:33.717064 - Found PXP000CA.txt (text/plain) in CBT.V504.FILE072.PDS, moved to PDS/PXP000CA
2023-04-02 21:21:33.717993 - Found PXP000CB.txt (text/plain) in CBT.V504.FILE072.PDS, moved to PDS/PXP000CB
2023-04-02 21:21:33.718917 - Found PXP000CC.txt (text/plain) in CBT.V504.FILE072.PDS, moved to PDS/PXP000CC
2023-04-02 21:21:33.719810 - Found PXP000CD.txt (text/plain) in CBT.V504.FILE072.PDS, moved to PDS/PXP000CD
2023-04-02 21:21:33.720766 - Found PXP000CE.txt (text/plain) in CBT.V504.FILE072.PDS, moved to PDS/PXP000CE
2023-04-02 21:21:33.721746 - Found PXP000CF.txt (text/plain) in CBT.V504.FILE072.PDS, moved to PDS/PXP000CF
2023-04-02 21:21:33.722880 - Found PXP000CG.txt (text/plain) in CBT.V504.FILE072.PDS, moved to PDS/PXP000CG
2023-04-02 21:21:33.724000 - Found PXP000CH.txt (text/plain) in CBT.V504.FILE072.PDS, moved to PDS/PXP000CH
2023-04-02 21:21:33.724998 - Found PXP000CI.txt (text/plain) in CBT.V504.FILE072.PDS, moved to PDS/PXP000CI
2023-04-02 21:21:33.725892 - Found PXP000CJ.txt (text/plain) in CBT.V504.FILE072.PDS, moved to PDS/PXP000CJ
2023-04-02 21:21:33.726911 - Found PXP000CK.txt (text/plain) in CBT.V504.FILE072.PDS, moved to PDS/PXP000CK
2023-04-02 21:21:33.728322 - Found PXP000CL.txt (text/plain) in CBT.V504.FILE072.PDS, moved to PDS/PXP000CL
2023-04-02 21:21:33.729310 - Found PXP000CM.txt (text/plain) in CBT.V504.FILE072.PDS, moved to PDS/PXP000CM
2023-04-02 21:21:33.730278 - Found PXP000C0.txt (text/plain) in CBT.V504.FILE072.PDS, moved to PDS/PXP000C0
2023-04-02 21:21:33.731221 - Found PXP000C1.txt (text/plain) in CBT.V504.FILE072.PDS, moved to PDS/PXP000C1
2023-04-02 21:21:33.732518 - Found PXP000C2.txt (text/plain) in CBT.V504.FILE072.PDS, moved to PDS/PXP000C2
2023-04-02 21:21:33.733709 - Found PXP000C3.txt (text/plain) in CBT.V504.FILE072.PDS, moved to PDS/PXP000C3
2023-04-02 21:21:33.734818 - Found PXP000C4.txt (text/plain) in CBT.V504.FILE072.PDS, moved to PDS/PXP000C4
2023-04-02 21:21:33.736143 - Found PXP000C5.txt (text/plain) in CBT.V504.FILE072.PDS, moved to PDS/PXP000C5
2023-04-02 21:21:33.737289 - Found PXP000C6.txt (text/plain) in CBT.V504.FILE072.PDS, moved to PDS/PXP000C6
2023-04-02 21:21:33.738364 - Found PXP000C7.txt (text/plain) in CBT.V504.FILE072.PDS, moved to PDS/PXP000C7
2023-04-02 21:21:33.739668 - Found PXP000C8.txt (text/plain) in CBT.V504.FILE072.PDS, moved to PDS/PXP000C8
2023-04-02 21:21:33.740716 - Found PXP000C9.txt (text/plain) in CBT.V504.FILE072.PDS, moved to PDS/PXP000C9
2023-04-02 21:21:33.741953 - Found PXP000D.txt (text/plain) in CBT.V504.FILE072.PDS, moved to PDS/PXP000D
2023-04-02 21:21:33.743115 - Found PXP000E.txt (text/plain) in CBT.V504.FILE072.PDS, moved to PDS/PXP000E
2023-04-02 21:21:33.744133 - Found PXP000F.txt (text/plain) in CBT.V504.FILE072.PDS, moved to PDS/PXP000F
2023-04-02 21:21:33.745075 - Found PXP000G1.txt (text/plain) in CBT.V504.FILE072.PDS, moved to PDS/PXP000G1
2023-04-02 21:21:33.746021 - Found PXP000G2.txt (text/plain) in CBT.V504.FILE072.PDS, moved to PDS/PXP000G2
2023-04-02 21:21:33.747025 - Found PXP000G3.txt (text/plain) in CBT.V504.FILE072.PDS, moved to PDS/PXP000G3
2023-04-02 21:21:33.748123 - Found PXP000H.txt (text/plain) in CBT.V504.FILE072.PDS, moved to PDS/PXP000H
2023-04-02 21:21:33.749173 - Found PXP000I.txt (text/plain) in CBT.V504.FILE072.PDS, moved to PDS/PXP000I
2023-04-02 21:21:33.750187 - Found PXP000JA.txt (text/plain) in CBT.V504.FILE072.PDS, moved to PDS/PXP000JA
2023-04-02 21:21:33.751301 - Found PXP000JB.txt (text/plain) in CBT.V504.FILE072.PDS, moved to PDS/PXP000JB
2023-04-02 21:21:33.752297 - Found PXP000JC.txt (text/plain) in CBT.V504.FILE072.PDS, moved to PDS/PXP000JC
2023-04-02 21:21:33.753239 - Found PXP000JD.txt (text/plain) in CBT.V504.FILE072.PDS, moved to PDS/PXP000JD
2023-04-02 21:21:33.754138 - Found PXP000JE.txt (text/plain) in CBT.V504.FILE072.PDS, moved to PDS/PXP000JE
2023-04-02 21:21:33.755192 - Found PXP000JF.txt (text/plain) in CBT.V504.FILE072.PDS, moved to PDS/PXP000JF
2023-04-02 21:21:33.756252 - Found PXP000J1.txt (text/plain) in CBT.V504.FILE072.PDS, moved to PDS/PXP000J1
2023-04-02 21:21:33.757316 - Found PXP000J2.txt (text/plain) in CBT.V504.FILE072.PDS, moved to PDS/PXP000J2
2023-04-02 21:21:33.758359 - Found PXP000J3.txt (text/plain) in CBT.V504.FILE072.PDS, moved to PDS/PXP000J3
2023-04-02 21:21:33.759304 - Found PXP000J4.txt (text/plain) in CBT.V504.FILE072.PDS, moved to PDS/PXP000J4
2023-04-02 21:21:33.760232 - Found PXP000J5.txt (text/plain) in CBT.V504.FILE072.PDS, moved to PDS/PXP000J5
2023-04-02 21:21:33.761121 - Found PXP000J6.txt (text/plain) in CBT.V504.FILE072.PDS, moved to PDS/PXP000J6
2023-04-02 21:21:33.762036 - Found PXP000J7.txt (text/plain) in CBT.V504.FILE072.PDS, moved to PDS/PXP000J7
2023-04-02 21:21:33.763033 - Found PXP000K.txt (text/plain) in CBT.V504.FILE072.PDS, moved to PDS/PXP000K
2023-04-02 21:21:33.764078 - Found PXP000L1.txt (text/plain) in CBT.V504.FILE072.PDS, moved to PDS/PXP000L1
2023-04-02 21:21:33.765109 - Found PXP000L2.txt (text/plain) in CBT.V504.FILE072.PDS, moved to PDS/PXP000L2
2023-04-02 21:21:33.766172 - Found PXP000L3.txt (text/plain) in CBT.V504.FILE072.PDS, moved to PDS/PXP000L3
2023-04-02 21:21:33.767157 - Found PXP000L4.txt (text/plain) in CBT.V504.FILE072.PDS, moved to PDS/PXP000L4
2023-04-02 21:21:33.768111 - Found PXP000M.txt (text/plain) in CBT.V504.FILE072.PDS, moved to PDS/PXP000M
2023-04-02 21:21:33.769029 - Found PXP000N.txt (text/plain) in CBT.V504.FILE072.PDS, moved to PDS/PXP000N
2023-04-02 21:21:33.769922 - Found PXP000O.txt (text/plain) in CBT.V504.FILE072.PDS, moved to PDS/PXP000O
2023-04-02 21:21:33.770817 - Found PXP000P.txt (text/plain) in CBT.V504.FILE072.PDS, moved to PDS/PXP000P
2023-04-02 21:21:33.771862 - Found PXP000Q.txt (text/plain) in CBT.V504.FILE072.PDS, moved to PDS/PXP000Q
2023-04-02 21:21:33.772841 - Found PXP000R.txt (text/plain) in CBT.V504.FILE072.PDS, moved to PDS/PXP000R
2023-04-02 21:21:33.773853 - Found PXP000S.txt (text/plain) in CBT.V504.FILE072.PDS, moved to PDS/PXP000S
2023-04-02 21:21:33.774886 - Found PXP000T1.txt (text/plain) in CBT.V504.FILE072.PDS, moved to PDS/PXP000T1
2023-04-02 21:21:33.775882 - Found PXP000T2.txt (text/plain) in CBT.V504.FILE072.PDS, moved to PDS/PXP000T2
2023-04-02 21:21:33.776946 - Found PXP000U.txt (text/plain) in CBT.V504.FILE072.PDS, moved to PDS/PXP000U
2023-04-02 21:21:33.777947 - Found PXP000V.txt (text/plain) in CBT.V504.FILE072.PDS, moved to PDS/PXP000V
2023-04-02 21:21:33.778905 - Found PXP000W1.txt (text/plain) in CBT.V504.FILE072.PDS, moved to PDS/PXP000W1
2023-04-02 21:21:33.779941 - Found PXP000W2.txt (text/plain) in CBT.V504.FILE072.PDS, moved to PDS/PXP000W2
2023-04-02 21:21:33.781009 - Found PXP000W3.txt (text/plain) in CBT.V504.FILE072.PDS, moved to PDS/PXP000W3
2023-04-02 21:21:33.782053 - Found PXP000X.txt (text/plain) in CBT.V504.FILE072.PDS, moved to PDS/PXP000X
2023-04-02 21:21:33.783087 - Found PXP000Y1.txt (text/plain) in CBT.V504.FILE072.PDS, moved to PDS/PXP000Y1
2023-04-02 21:21:33.784034 - Found PXP000Y2.txt (text/plain) in CBT.V504.FILE072.PDS, moved to PDS/PXP000Y2
2023-04-02 21:21:33.784982 - Found PXP000Y3.txt (text/plain) in CBT.V504.FILE072.PDS, moved to PDS/PXP000Y3
2023-04-02 21:21:33.785896 - Found PXP000Z.txt (text/plain) in CBT.V504.FILE072.PDS, moved to PDS/PXP000Z
2023-04-02 21:21:33.786801 - Found PXP0000.txt (text/plain) in CBT.V504.FILE072.PDS, moved to PDS/PXP0000
2023-04-02 21:21:33.787809 - Found PXP0001.txt (text/plain) in CBT.V504.FILE072.PDS, moved to PDS/PXP0001
2023-04-02 21:21:33.788753 - Found PXP0002.txt (text/plain) in CBT.V504.FILE072.PDS, moved to PDS/PXP0002
2023-04-02 21:21:33.789666 - Found PXP0003.txt (text/plain) in CBT.V504.FILE072.PDS, moved to PDS/PXP0003
2023-04-02 21:21:33.790588 - Found PXP0004.txt (text/plain) in CBT.V504.FILE072.PDS, moved to PDS/PXP0004
2023-04-02 21:21:33.791711 - Found PXP0005.txt (text/plain) in CBT.V504.FILE072.PDS, moved to PDS/PXP0005
2023-04-02 21:21:33.792767 - Found PXP0005S.txt (text/plain) in CBT.V504.FILE072.PDS, moved to PDS/PXP0005S
2023-04-02 21:21:33.794121 - Found PXP0006.txt (text/plain) in CBT.V504.FILE072.PDS, moved to PDS/PXP0006
2023-04-02 21:21:33.795345 - Found PXP0007.txt (text/plain) in CBT.V504.FILE072.PDS, moved to PDS/PXP0007
2023-04-02 21:21:33.796384 - Found PXP0007S.txt (text/plain) in CBT.V504.FILE072.PDS, moved to PDS/PXP0007S
2023-04-02 21:21:33.797466 - Found PXP0008.txt (text/plain) in CBT.V504.FILE072.PDS, moved to PDS/PXP0008
2023-04-02 21:21:33.798511 - Found PXP0009.txt (text/plain) in CBT.V504.FILE072.PDS, moved to PDS/PXP0009
2023-04-02 21:21:33.799510 - Found PXP001A1.txt (text/plain) in CBT.V504.FILE072.PDS, moved to PDS/PXP001A1
2023-04-02 21:21:33.800743 - Found PXP001A2.txt (text/plain) in CBT.V504.FILE072.PDS, moved to PDS/PXP001A2
2023-04-02 21:21:33.801966 - Found PXP0010.txt (text/plain) in CBT.V504.FILE072.PDS, moved to PDS/PXP0010
2023-04-02 21:21:33.803048 - Found PXP0010S.txt (text/plain) in CBT.V504.FILE072.PDS, moved to PDS/PXP0010S
2023-04-02 21:21:33.804614 - Found PXP002A.txt (text/plain) in CBT.V504.FILE072.PDS, moved to PDS/PXP002A
2023-04-02 21:21:33.805984 - Found PXP01.txt (text/plain) in CBT.V504.FILE072.PDS, moved to PDS/PXP01
2023-04-02 21:21:33.807242 - Found PXP0103.txt (text/plain) in CBT.V504.FILE072.PDS, moved to PDS/PXP0103
2023-04-02 21:21:33.808340 - Found PXP02.txt (text/plain) in CBT.V504.FILE072.PDS, moved to PDS/PXP02
2023-04-02 21:21:33.809466 - Found PXP0203.txt (text/plain) in CBT.V504.FILE072.PDS, moved to PDS/PXP0203
2023-04-02 21:21:33.810818 - Found PXP03.txt (text/plain) in CBT.V504.FILE072.PDS, moved to PDS/PXP03
2023-04-02 21:21:33.811851 - Found PXP0303.txt (text/plain) in CBT.V504.FILE072.PDS, moved to PDS/PXP0303
2023-04-02 21:21:33.813001 - Found PXP0403.txt (text/plain) in CBT.V504.FILE072.PDS, moved to PDS/PXP0403
2023-04-02 21:21:33.814030 - Found PXP0503.txt (text/plain) in CBT.V504.FILE072.PDS, moved to PDS/PXP0503
